# JRE version: OpenJDK Runtime Environment Microsoft-8035246 (17.0.8+7) (build 17.0.8+7-LTS)
# Java VM: OpenJDK 64-Bit Server VM Microsoft-8035246 (17.0.8+7-LTS, mixed mode, sharing, tiered, compressed oops, compressed class ptrs, g1 gc, linux-amd64)
GC Precious Log:
 CPUs: 8 total, 8 available
 Memory: 3786M
 Large Page Support: Disabled
 NUMA Support: Disabled
 Compressed Oops: Enabled (32-bit)
 Heap Region Size: 1M
 Heap Min Capacity: 8M
 Heap Initial Capacity: 60M
 Heap Max Capacity: 2G
 Pre-touch: Disabled
 Parallel Workers: 8
 Concurrent Workers: 2
 Concurrent Refinement Workers: 8
 Periodic GC: Disabled
Heap:
 garbage-first heap   total 158720K, used 125809K [0x0000000080000000, 0x0000000100000000)
  region size 1024K, 36 young (36864K), 3 survivors (3072K)
 Metaspace       used 82667K, committed 83392K, reserved 1179648K
  class space    used 11399K, committed 11776K, reserved 1048576K
GC Heap History (20 events):
Event: 40,559 GC heap before
{Heap before GC invocations=55 (full 0):
 garbage-first heap   total 135168K, used 101414K [0x0000000080000000, 0x0000000100000000)
  region size 1024K, 34 young (34816K), 5 survivors (5120K)
 Metaspace       used 71174K, committed 71744K, reserved 1114112K
  class space    used 9855K, committed 10112K, reserved 1048576K
}
Event: 40,564 GC heap after
{Heap after GC invocations=56 (full 0):
 garbage-first heap   total 135168K, used 74413K [0x0000000080000000, 0x0000000100000000)
  region size 1024K, 5 young (5120K), 5 survivors (5120K)
 Metaspace       used 71174K, committed 71744K, reserved 1114112K
  class space    used 9855K, committed 10112K, reserved 1048576K
}
Event: 41,556 GC heap before
{Heap before GC invocations=56 (full 0):
 garbage-first heap   total 135168K, used 111277K [0x0000000080000000, 0x0000000100000000)
  region size 1024K, 41 young (41984K), 5 survivors (5120K)
 Metaspace       used 74469K, committed 75072K, reserved 1114112K
  class space    used 10327K, committed 10624K, reserved 1048576K
}
Event: 41,562 GC heap after
{Heap after GC invocations=57 (full 0):
 garbage-first heap   total 135168K, used 77563K [0x0000000080000000, 0x0000000100000000)
  region size 1024K, 6 young (6144K), 6 survivors (6144K)
 Metaspace       used 74469K, committed 75072K, reserved 1114112K
  class space    used 10327K, committed 10624K, reserved 1048576K
}
Event: 42,757 GC heap before
{Heap before GC invocations=58 (full 0):
 garbage-first heap   total 135168K, used 110331K [0x0000000080000000, 0x0000000100000000)
  region size 1024K, 38 young (38912K), 6 survivors (6144K)
 Metaspace       used 78696K, committed 79360K, reserved 1179648K
  class space    used 10917K, committed 11264K, reserved 1048576K
}
Event: 42,764 GC heap after
{Heap after GC invocations=59 (full 0):
 garbage-first heap   total 135168K, used 80710K [0x0000000080000000, 0x0000000100000000)
  region size 1024K, 4 young (4096K), 4 survivors (4096K)
 Metaspace       used 78696K, committed 79360K, reserved 1179648K
  class space    used 10917K, committed 11264K, reserved 1048576K
}
Event: 45,719 GC heap before
{Heap before GC invocations=59 (full 0):
 garbage-first heap   total 135168K, used 110406K [0x0000000080000000, 0x0000000100000000)
  region size 1024K, 33 young (33792K), 4 survivors (4096K)
 Metaspace       used 80593K, committed 81280K, reserved 1179648K
  class space    used 11227K, committed 11584K, reserved 1048576K
}
Event: 45,731 GC heap after
{Heap after GC invocations=60 (full 0):
 garbage-first heap   total 135168K, used 84136K [0x0000000080000000, 0x0000000100000000)
  region size 1024K, 4 young (4096K), 4 survivors (4096K)
 Metaspace       used 80593K, committed 81280K, reserved 1179648K
  class space    used 11227K, committed 11584K, reserved 1048576K
}
Event: 51,736 GC heap before
{Heap before GC invocations=61 (full 0):
 garbage-first heap   total 145408K, used 108712K [0x0000000080000000, 0x0000000100000000)
  region size 1024K, 29 young (29696K), 4 survivors (4096K)
 Metaspace       used 81223K, committed 81920K, reserved 1179648K
  class space    used 11287K, committed 11648K, reserved 1048576K
}
Event: 51,748 GC heap after
{Heap after GC invocations=62 (full 0):
 garbage-first heap   total 145408K, used 86264K [0x0000000080000000, 0x0000000100000000)
  region size 1024K, 3 young (3072K), 3 survivors (3072K)
 Metaspace       used 81223K, committed 81920K, reserved 1179648K
  class space    used 11287K, committed 11648K, reserved 1048576K
}
Event: 52,373 GC heap before
{Heap before GC invocations=62 (full 0):
 garbage-first heap   total 145408K, used 89336K [0x0000000080000000, 0x0000000100000000)
  region size 1024K, 7 young (7168K), 3 survivors (3072K)
 Metaspace       used 81243K, committed 81920K, reserved 1179648K
  class space    used 11287K, committed 11648K, reserved 1048576K
}
Event: 52,382 GC heap after
{Heap after GC invocations=63 (full 0):
 garbage-first heap   total 145408K, used 86274K [0x0000000080000000, 0x0000000100000000)
  region size 1024K, 1 young (1024K), 1 survivors (1024K)
 Metaspace       used 81243K, committed 81920K, reserved 1179648K
  class space    used 11287K, committed 11648K, reserved 1048576K
}
Event: 55,215 GC heap before
{Heap before GC invocations=63 (full 0):
 garbage-first heap   total 145408K, used 118018K [0x0000000080000000, 0x0000000100000000)
  region size 1024K, 33 young (33792K), 1 survivors (1024K)
 Metaspace       used 81650K, committed 82304K, reserved 1179648K
  class space    used 11315K, committed 11648K, reserved 1048576K
}
Event: 55,220 GC heap after
{Heap after GC invocations=64 (full 0):
 garbage-first heap   total 145408K, used 88212K [0x0000000080000000, 0x0000000100000000)
  region size 1024K, 3 young (3072K), 3 survivors (3072K)
 Metaspace       used 81650K, committed 82304K, reserved 1179648K
  class space    used 11315K, committed 11648K, reserved 1048576K
}
Event: 57,888 GC heap before
{Heap before GC invocations=65 (full 0):
 garbage-first heap   total 152576K, used 118932K [0x0000000080000000, 0x0000000100000000)
  region size 1024K, 34 young (34816K), 3 survivors (3072K)
 Metaspace       used 82236K, committed 82944K, reserved 1179648K
  class space    used 11371K, committed 11712K, reserved 1048576K
}
Event: 57,898 GC heap after
{Heap after GC invocations=66 (full 0):
 garbage-first heap   total 152576K, used 90539K [0x0000000080000000, 0x0000000100000000)
  region size 1024K, 5 young (5120K), 5 survivors (5120K)
 Metaspace       used 82236K, committed 82944K, reserved 1179648K
  class space    used 11371K, committed 11712K, reserved 1048576K
}
Event: 57,947 GC heap before
{Heap before GC invocations=66 (full 0):
 garbage-first heap   total 152576K, used 91563K [0x0000000080000000, 0x0000000100000000)
  region size 1024K, 7 young (7168K), 5 survivors (5120K)
 Metaspace       used 82236K, committed 82944K, reserved 1179648K
  class space    used 11371K, committed 11712K, reserved 1048576K
}
Event: 57,952 GC heap after
{Heap after GC invocations=67 (full 0):
 garbage-first heap   total 152576K, used 90820K [0x0000000080000000, 0x0000000100000000)
  region size 1024K, 1 young (1024K), 1 survivors (1024K)
 Metaspace       used 82236K, committed 82944K, reserved 1179648K
  class space    used 11371K, committed 11712K, reserved 1048576K
}
Event: 59,291 GC heap before
{Heap before GC invocations=67 (full 0):
 garbage-first heap   total 152576K, used 125636K [0x0000000080000000, 0x0000000100000000)
  region size 1024K, 36 young (36864K), 1 survivors (1024K)
 Metaspace       used 82600K, committed 83264K, reserved 1179648K
  class space    used 11394K, committed 11712K, reserved 1048576K
}
Event: 59,294 GC heap after
{Heap after GC invocations=68 (full 0):
 garbage-first heap   total 152576K, used 93041K [0x0000000080000000, 0x0000000100000000)
  region size 1024K, 3 young (3072K), 3 survivors (3072K)
 Metaspace       used 82600K, committed 83264K, reserved 1179648K
  class space    used 11394K, committed 11712K, reserved 1048576K
}

